<?xml version="1.0" encoding="UTF-8" ?>
<testsuite errors="1" failures="0" hostname="aluno-Unipe" name="${ValoresTest.java}" skipped="0" tests="1" time="0.0" timestamp="2019-09-28T17:57:48">
  <properties>
[...]
</properties>
  <error message="${ValoresTest.java}" type="java.lang.ClassNotFoundException">java.lang.ClassNotFoundException: ${ValoresTest.java}
	at java.base/java.lang.ClassLoader.loadClass(ClassLoader.java:521)
	at java.base/java.lang.Class.forName0(Native Method)
	at java.base/java.lang.Class.forName(Class.java:398)
	at jdk.internal.reflect.GeneratedMethodAccessor4.invoke(Unknown Source)
	at java.base/jdk.internal.reflect.DelegatingMethodAccessorImpl.invoke(DelegatingMethodAccessorImpl.java:43)
	at org.eclipse.ant.internal.launching.remote.EclipseDefaultExecutor.executeTargets(EclipseDefaultExecutor.java:36)
	at org.eclipse.ant.internal.launching.remote.InternalAntRunner.run(InternalAntRunner.java:460)
	at org.eclipse.ant.internal.launching.remote.InternalAntRunner.main(InternalAntRunner.java:142)
</error>
  <system-out><![CDATA[]]></system-out>
  <system-err><![CDATA[]]></system-err>
</testsuite>
